<?xml version="1.0" encoding="UTF-8"?>
<testsuite xmlns:xsi="http://www.w3.org/2001/XMLSchema-instance" xsi:noNamespaceSchemaLocation="https://maven.apache.org/surefire/maven-surefire-plugin/xsd/surefire-test-report.xsd" name="selenium.CustomerTest" time="36.519" tests="6" errors="0" skipped="0" failures="0">
  <properties>
[...]
</properties>
  <testcase name="testAddSameBookTwice" classname="selenium.CustomerTest" time="3.247"/>
  <testcase name="testCheckout" classname="selenium.CustomerTest" time="1.609"/>
  <testcase name="testRemoveBookWhenQuantityZero" classname="selenium.CustomerTest" time="11.654"/>
  <testcase name="testAddBookToCart" classname="selenium.CustomerTest" time="1.338"/>
  <testcase name="testViewCart" classname="selenium.CustomerTest" time="11.6"/>
  <testcase name="testUpdateBookQuantity" classname="selenium.CustomerTest" time="2.043"/>
</testsuite>